<?xml version="1.0" encoding="UTF-8"?>
<!-- Generated by org.testng.reporters.JUnitXMLReporter -->
<testsuite hostname="bej-eng-lcheng2" name="login" tests="3" failures="0" timestamp="2 Sep 2014 09:51:42 GMT" time="73.336" errors="0">
  <testcase name="test53136" time="46.709" classname="com.landesk.avalanche.TestCases.TestCaseNetworkProfile"/>
  <testcase name="test53142" time="19.483" classname="com.landesk.avalanche.TestCases.TestCaseNetworkProfile"/>
  <testcase name="test53169" time="7.131" classname="com.landesk.avalanche.TestCases.TestCaseNetworkProfile"/>
</testsuite> <!-- login -->
